Start testing: Aug 06 15:05 MSK
----------------------------------------------------------
1/4 Testing: core
1/4 Test: core
Command: "/Users/romanmolodyko/Documents/red-alert-4/Tools/HeadlessBuild/build-audit2/RA4Tests"
Directory: /Users/romanmolodyko/Documents/red-alert-4/Tools/HeadlessBuild/../..
"core" start time: Aug 06 15:05 MSK
Output:
----------------------------------------------------------
[ PASS ] FixedMath.BasicArithmetic                                0 ms
[ PASS ] FixedMath.SqrtAccuracy                                   0 ms
[ PASS ] FixedMath.TrigonometryMatchesReference                   0 ms
[ PASS ] FixedMath.Atan2RoundTrip                                 0 ms
[ PASS ] FixedMath.AngleWrapping                                  0 ms
[ PASS ] Vector.LengthAndNormalize                                0 ms
[ PASS ] Random.ReproducibleFromSeed                              0 ms
[ PASS ] Random.BoundedDrawsStayInRange                           0 ms
[ PASS ] ByteStream.RoundTripsEveryType                           0 ms
[ PASS ] ByteStream.TruncatedInputSetsErrorInsteadOfReadingPastEnd     0 ms
[ PASS ] Command.SerializationIsStable                            0 ms
[ PASS ] Ids.GenerationDistinguishesRecycledSlots                 0 ms
[ PASS ] Ids.ContentHashesAreStableAndDistinct                    0 ms
[ PASS ] Checksum.DetectsSingleBitChanges                         0 ms
[ PASS ] Content.DefaultSetPassesValidation                       0 ms
[ PASS ] Content.ValidationCatchesAuthoringMistakes               0 ms
[ PASS ] Content.HashChangesWithBalanceEdits                      0 ms
[ PASS ] Content.DamageTableEncodesRockPaperScissors              0 ms
[ PASS ] Simulation.RecycledSlotsInvalidateOldHandles             8 ms
[ PASS ] Commands.RejectsOrdersOnUnitsYouDoNotOwn                 0 ms
[ PASS ] Commands.RejectsStaleEntityHandles                       0 ms
[ PASS ] Commands.RejectsProductionWithoutPrerequisites           0 ms
[ PASS ] Commands.RejectsProductionYouCannotAfford                0 ms
[ PASS ] Commands.ThrottlesCommandFloods                          0 ms
[ PASS ] Cheats.GrantCreditsAndPower                              0 ms
[ PASS ] Placement.RequiresBuildRadiusAndClearGround              0 ms
[ PASS ] Placement.RejectsWaterAndCliffs                          0 ms
[ PASS ] Production.StructureIsPaidQueuedThenPlaced               5 ms
[ PASS ] Production.CancellingRefundsCredits                      5 ms
[ PASS ] Production.UnitLeavesTheFactoryAndObeysTheRallyPoint    13 ms
[ PASS ] Power.ShortageSlowsProductionInsteadOfStoppingIt         6 ms
[ PASS ] Economy.HarvesterCompletesTheFullGatherLoop              8 ms
[ PASS ] Economy.ResourceFieldsAreFinite                          9 ms
[ PASS ] Combat.ArmourClassesDecideTheOutcome                     0 ms
[ PASS ] Combat.UnitsHoldFireOutsideWeaponRange                   6 ms
[ PASS ] Combat.AttackOrderClosesTheDistance                      9 ms
[ PASS ] Combat.DefensiveStructuresEngageOnTheirOwn               3 ms
[ PASS ] Combat.SplashDamageHitsEverythingInTheBlast              1 ms
[ PASS ] Movement.UnitsReachTheirDestination                      6 ms
[ PASS ] Movement.QueuedWaypointsAreFollowedInOrder               7 ms
[ PASS ] Movement.StopClearsTheWholeOrderQueue                    0 ms
[ PASS ] Movement.ImpassableTerrainBlocksGroundUnits             12 ms
[ PASS ] Movement.RoutesAroundTerrainWallThroughItsOnlyGap        5 ms
[ PASS ] Victory.LosingEverythingEndsTheMatch                     2 ms
[ PASS ] Victory.SurrenderEndsTheMatchImmediately                 0 ms
[ PASS ] Economy.MultiHarvesterTenCyclesAndRefineryQueue         66 ms
[ PASS ] Content.PrerequisitesGroupGroupedRules                   1 ms
[ PASS ] Construction.UnderConstructionTargetabilityAndCancellation     0 ms
[ PASS ] Lifecycle.SimWorldRestartRestoresCleanState              1 ms
         slice finished in 2816 ticks (140.8 s simulated), harvested 6000 credits, final checksum 381cd07b5dae230c
[ PASS ] VerticalSlice.FullMatchFromBaseBuildingToVictory       112 ms
[ PASS ] VerticalSlice.IdenticalInputsProduceIdenticalStateEveryTick   162 ms
[ PASS ] VerticalSlice.DifferentSeedsDoNotProduceIdenticalState   153 ms
[ PASS ] Replay.RecordedMatchReplaysToTheSameResult              99 ms
[ PASS ] Replay.PlaybackReproducesEveryCheckpointChecksum         0 ms
[ PASS ] Replay.RejectsFilesFromADifferentContentBuild            0 ms
[ PASS ] Replay.RejectsCorruptFiles                               0 ms
[ PASS ] Replay.SurvivesAFileRoundTrip                           11 ms
[ PASS ] Navigation.ExtractsStablePortalsForOpenSectorBoundary     0 ms
[ PASS ] Navigation.FlowFieldRoutesThroughOnlyGapWithoutDiagonalCornerCutting     0 ms
[ PASS ] Navigation.FlowFieldRespectsLayerAndClearanceRequirements     0 ms
[ PASS ] Navigation.RebuildsOnceForBatchedTopologyChanges         0 ms
[ PASS ] Navigation.ReservationLowerSlotWinsTie                   0 ms
[ PASS ] Navigation.ReservationExpiresAndFreesTile                0 ms
[ PASS ] Navigation.MacroRouterFindsShortestCorridor              0 ms
[ PASS ] Navigation.MacroRouterRespectsLayerAndClearance          0 ms
[ PASS ] Navigation.MacroRouterInvalidatesOnTopologyRevision      0 ms
[ PASS ] Navigation.MacroRouterCacheHitMovesNewestEntrySafely     0 ms
[ PASS ] Navigation.FormationMembersFollowLeaderSlot              0 ms
[ PASS ] Navigation.NavDebugSnapshotHasNoDrawDependency           0 ms
[ PASS ] Navigation.FlowFieldSharedAcrossUnits                    1 ms
[ PASS ] Navigation.LocalAvoidancePicksBestOpenNeighbor           0 ms
[ PASS ] Navigation.BlockedUnitRepatsAfterThreshold               0 ms
[ PASS ] Navigation.RepathBudgetStallsDeterministically           0 ms
[ PASS ] Navigation.BridgeDestroyInvalidatesPath                  0 ms
[ PASS ] FogOfWar.GridInitialization                              0 ms
[ PASS ] FogOfWar.RevealCircularArea                              0 ms
[ PASS ] FogOfWar.ClearCurrentVisibility                          0 ms
[ PASS ] FogOfWar.SimWorldIntegration                             0 ms
[ PASS ] FogOfWar.UnitMovementUpdatesFog                          0 ms
[ PASS ] FogOfWar.EntityVisibilityGateAnswersPerViewer            0 ms
[ PASS ] FogOfWar.LocationVisibilityGateMatchesEntityGate         0 ms
[ PASS ] Camera.KeyboardPanMovesTheFocusAndSettles                0 ms
[ PASS ] Camera.DiagonalPanIsNotFasterThanCardinalPan             0 ms
[ PASS ] Camera.FocusIsClampedToTheMap                            0 ms
[ PASS ] Camera.ZoomStaysWithinItsLimits                          0 ms
[ PASS ] Camera.EdgeScrollOnlyRunsWhenTheWindowIsFocused          0 ms
[ PASS ] Camera.EdgeScrollIsSuppressedWhileDragging               0 ms
[ PASS ] Camera.PanIsFrameRateIndependent                         0 ms
[ PASS ] Camera.FocusOnJumpsInstantlyWhenAsked                    0 ms
[ PASS ] Selection.ClickPrefersOwnUnitsOverEverythingElse         1 ms
[ PASS ] Selection.ClickingEmptyGroundClearsButShiftClickingDoesNot     0 ms
[ PASS ] Selection.MarqueeTakesOwnUnitsAndIgnoresEnemiesAndBuildings     0 ms
[ PASS ] Selection.MarqueeOverBaseWithNoUnitsPicksASingleBuilding     0 ms
[ PASS ] Selection.ShiftAddsAndCtrlToggles                        0 ms
[ PASS ] Selection.DoubleClickSelectsOnlyTheSameUnitType          0 ms
[ PASS ] Selection.ControlGroupsAssignRecallAndForgetTheDead      3 ms
[ PASS ] Selection.DeadUnitsLeaveTheSelection                     0 ms
[ PASS ] Selection.SelectionIsCappedSoOrdersFitTheCommandBudget     0 ms
[ PASS ] Orders.RightClickOnGroundIsAMoveForEverySelectedUnit     0 ms
[ PASS ] Orders.RightClickOnAnEnemyAttacksWithArmedUnitsAndMovesTheRest     0 ms
[ PASS ] Orders.ShiftQueuesInsteadOfReplacing                     0 ms
[ PASS ] Orders.ForceAttackTargetsAnAllyWhenCtrlIsHeld            0 ms
[ PASS ] Orders.AttackMoveModeProducesAttackMove                  0 ms
[ PASS ] Orders.HarvesterSentToOreGetsAHarvestOrder               0 ms
[ PASS ] Orders.PlacementModeEmitsPlaceBuilding                   0 ms
[ PASS ] Orders.GroundClickWithOnlyBuildingsSelectedSetsTheRallyPoint     0 ms
[ PASS ] Orders.ResolvedOrdersAreAcceptedByTheServer              0 ms
[ PASS ] Orders.CursorHintMatchesWhatTheClickWillDo               0 ms
[ PASS ] Orders.PlacementCursorRefusesIllegalGround               0 ms
[ PASS ] HitTest.PointPickReturnsOnlyDiscsItTouches               0 ms
[ PASS ] HitTest.OverlappingDiscsResolveNearestFirstAndStably     0 ms
[ PASS ] HitTest.MarqueeQuadSelectsWhatItCovers                   0 ms
[ PASS ] HitTest.QuadWindingAndRotationDoNotMatter                0 ms
[ PASS ] HitTest.ShortDragCountsAsAClick                          0 ms
[ PASS ] ClassicScheme.LeftClickOnGroundIssuesTheOrder            0 ms
[ PASS ] ClassicScheme.LeftClickOnOwnUnitSelectsRatherThanOrderingIntoIt     0 ms
[ PASS ] ClassicScheme.LeftClickOnAnEnemyIssuesTheOrder           0 ms
[ PASS ] ClassicScheme.DraggingIsAlwaysAMarqueeEvenWithUnitsSelected     0 ms
[ PASS ] ClassicScheme.EmptySelectionMakesEveryLeftClickASelection     0 ms
[ PASS ] ClassicScheme.SelectingSomeoneElsesUnitsNeverArmsAnOrder     0 ms
[ PASS ] ClassicScheme.CtrlIsForceFireAndAltIsForceMove           0 ms
[ PASS ] ClassicScheme.ShiftClickingOwnUnitsGrowsTheSelection     0 ms
[ PASS ] ClassicScheme.CtrlNeverTogglesSelectionTheWayTheModernSchemeDoes     0 ms
[ PASS ] ClassicScheme.RightClickClearsTheSelectionInsteadOfOrdering     0 ms
[ PASS ] ClassicScheme.ArmedModesOwnTheClickInBothSchemes         0 ms
[ PASS ] Orders.AltForcesAPlainMoveOntoAnOccupiedSpot             0 ms
[ PASS ] Orders.ForceMoveOutranksForceAttackAndAttackMove         0 ms
[ PASS ] Selection.SelectIdleUnitsSelectsOnlyIdleUnits            0 ms
[ PASS ] Selection.SelectWoundedUnitsSelectsDamagedUnits          0 ms
[ PASS ] Camera.PanFollowsTheCameraWhenItRotates                  0 ms
[ PASS ] Camera.YawWrapsAndStaysWithinOneTurn                     0 ms
[ PASS ] Camera.DKeyPansRightAndAKeyPansLeftOnScreen              0 ms
[ PASS ] KeyBindings.ClassicSchemeGivesAToAttackMoveNotToTheCamera     0 ms
[ PASS ] KeyBindings.ModernSchemeGivesAToTheCameraAndAttackMoveToCtrlA     0 ms
[ PASS ] KeyBindings.ExactModifierMatchBeatsTheUnmodifiedBinding     0 ms
[ PASS ] KeyBindings.ModifiedPressFallsBackToAnUnmodifiedBinding     0 ms
[ PASS ] KeyBindings.ControlGroupSlotsFollowTheKeyRowNotTheLabel     0 ms
[ PASS ] KeyBindings.ChordParsingAcceptsModifiersInAnyOrderAndIgnoresSpaces     0 ms
[ PASS ] KeyBindings.EmptyValueUnbindsButGarbageIsRejected        0 ms
[ PASS ] KeyBindings.ChordRoundTripsThroughItsText                0 ms
[ PASS ] KeyBindings.EveryActionNameRoundTrips                    0 ms
[ PASS ] KeyBindings.FirstOverrideReplacesTheDefaultIncludingItsAlternate     0 ms
[ PASS ] KeyBindings.BadConfigEntriesAreReportedRatherThanApplied     0 ms
[ PASS ] KeyBindings.DistinctKeysDeduplicatesWithoutCaseSensitivity     0 ms
[ PASS ] KeyBindings.ShippedDefaultsContainNoConflicts            0 ms
[ PASS ] KeyBindings.ConflictingBindingsAreDetected               0 ms
[ PASS ] KeyBindings.BuildCardHotkeysDoNotCollideWithBoundActions     0 ms
[ PASS ] KeyBindings.PanAndRotateArePolledWhileOrdersAreDispatchedOnPress     0 ms
[ PASS ] Hud.ResourceBarReportsRealCreditsAndPower                0 ms
[ PASS ] Hud.FirstSnapshotDoesNotReportStartingCreditsAsIncome     0 ms
[ PASS ] Hud.CreditDeltaTracksSpending                            0 ms
[ PASS ] Hud.PowerShortageIsReportedNotInvented                   0 ms
[ PASS ] Hud.SupplyIsMarkedUnmodelledRatherThanFabricated         0 ms
[ PASS ] Hud.EmptySelectionIsAnExplicitState                      0 ms
[ PASS ] Hud.SingleUnitFillsThePortraitFromRealData               0 ms
[ PASS ] Hud.IdenticalUnitsAreGroupedWithCounts                   0 ms
[ PASS ] Hud.MixedSelectionIsDistinguishedFromUnitsOnly           0 ms
[ PASS ] Hud.SelectingAProducerSwitchesTheProductionPanelToIt     0 ms
[ PASS ] Hud.BuildCardsReportWhyTheyAreBlocked                    0 ms
[ PASS ] Hud.AffordabilityIsReportedSeparatelyFromTech            0 ms
[ PASS ] Hud.QueueReportsProgressAndRemainingTime                 6 ms
[ PASS ] Hud.FinishedStructureIsFlaggedAsAwaitingPlacement        3 ms
[ PASS ] Hud.OptionsAreGroupedByCategoryForTheTabs                0 ms
[ PASS ] Hud.RadarShowsOwnForcesButNotEnemiesHiddenByFog          0 ms
[ PASS ] Hud.RepeatedDamageMergesIntoOneAlert                     7 ms
[ PASS ] Hud.CriticalAlertsOutrankInformationalOnes               6 ms
[ PASS ] Hud.AlertsExpireOnceTheConditionStops                    4 ms
[ PASS ] Hud.EnemyLossesAreNotLocalAlerts                         7 ms
[ PASS ] Hud.MatchStateDrivesVictoryAndDefeatScreens              0 ms
[ PASS ] Hud.ElapsedTimeTracksTheSimulationClock                  3 ms
[ PASS ] ArtMapping.UnitArtDefinitionSupportsAnimationProperties     0 ms
[ PASS ] AI.BuildsPowerBeforeItStalls                            18 ms
[ PASS ] AI.BuildsRefineryAndActuallyEarns                      154 ms
         balanced @240s: buildings=6 units=16 armed=13 harvested=16700
[ PASS ] AI.BuildsProductionBuildingsAndTrainsAnArmy            282 ms
[ PASS ] AI.DoesNotBankruptItselfOnOneDecisionTick               12 ms
[ PASS ] AI.QueuesOneOfAKindNotSix                               18 ms
[ PASS ] AI.ProfilesProduceDifferentConfigurations                0 ms
[ PASS ] AI.ExposesAdaptiveProfile                                0 ms
[ PASS ] AI.UtilitySelectsEconomyForNewBase                       0 ms
[ PASS ] AI.UtilitySelectsFortifyUnderAttack                      0 ms
[ PASS ] AI.UtilitySelectsAssaultWithReadyArmy                    0 ms
[ PASS ] AI.UtilitySelectsTechWhenEconomyIsReady                  0 ms
[ PASS ] AI.UtilitySelectsArmyWhenProductionIsReady               0 ms
[ PASS ] AI.UtilitySelectsRecoveryAfterEconomyLoss                0 ms
[ PASS ] AI.StrategyHysteresisKeepsCurrentChoiceNearATie          0 ms
[ PASS ] AI.EmergencyStrategyOverridesHysteresis                  0 ms
[ PASS ] AI.RecoveryMaySpendTheCreditReserve                      0 ms
[ PASS ] AI.AggressiveProfileValuesAssaultMoreThanDefensive       0 ms
         economic harvested=4700, aggressive harvested=4700
[ PASS ] AI.EconomicProfileOutEarnsAggressive                   267 ms
         aggressive @300s: armed=7, enemy HQ engaged=1
[ PASS ] AI.AttacksOnceTheArmyReachesStrength                   114 ms
[ PASS ] AI.RecentDamageTriggersDefenceStrategy                 516 ms
         first decisions: AssembleArmy: strategy selected; no valid action / AssembleArmy: strategy selected; no valid action
[ PASS ] AI.DecisionLogExplainsWhatItDid                         55 ms
[ PASS ] AI.CommanderReportsSelectedStrategyAndScore              2 ms
         AI vs AI: tick=4940 phase=2 winner=0 | P0 b=6 u=17 harv=8700 | P1 b=0 u=0 harv=28640
[ PASS ] AI.TwoCommandersPlayAMatchToCompletion                 542 ms
         scenario 1: tick=4940 phase=2 winner=0 losses=35
         scenario 2: tick=4395 phase=2 winner=0 losses=29
         scenario 3: tick=5040 phase=2 winner=0 losses=22
         scenario 4: tick=6996 phase=2 winner=0 losses=62
         scenario 5: tick=5382 phase=2 winner=0 losses=41
         scenario 5 P0 op: id=1 state=Engaging assigned=41 target=(8,56)
         scenario 5 P0 final: armed=28 buildings=9 bActive=1 bDefeated=0
         scenario 5 P1 final: armed=0 buildings=0 bActive=1 bDefeated=1
[ PASS ] AI.FiveSkirmishScenariosFinishWithAWinner             3223 ms
[ PASS ] AI.IsDeterministic                                     313 ms
[ PASS ] AI.StopsIssuingOrdersOnceDefeated                        8 ms
[ PASS ] AI.SimWorldViewTracksEnemyMemoryAndDecaysConfidence      1 ms
[ PASS ] AI.TacticalOperationLifecycleStateTransitions            0 ms
[ PASS ] AI.CommanderTracksActiveOperationLifecycleInMatch      117 ms
[ PASS ] AI.SquadsGatherBeforeAdvancing                         308 ms
[ PASS ] AI.SquadAssignmentIsDeterministic                      456 ms
[ PASS ] AI.WoundedUnitRetreatsToBase                            10 ms
[ PASS ] AIKnowledge.MemoryIndexesTheFogGridInTilesNotWorldUnits     0 ms
[ PASS ] AIKnowledge.EnemiesOutsideVisionAreNotObserved           0 ms
[ PASS ] AI.EntityRoleDerivationWorksForUnitsAndBuildings         0 ms
[ PASS ] AI.DispatchesScoutWhenNoTargetsAreKnown                200 ms
[ PASS ] AI.ArmyGroupManagerLifecycle                             0 ms
[ PASS ] AI.FactionDoctrinesSovietAndAlliance                     0 ms
[ PASS ] AI.AIDebugOverlaySnapshotCreation                        0 ms
[ PASS ] AI.DifficultyProfilesConfig                              0 ms
[ PASS ] AI.FogOfWarStrictCompliance                              0 ms
[ PASS ] AI.NoCheatResources                                      0 ms
[ PASS ] AI.MassSimulationsBenchmark                           5839 ms
         decisions @120s: easy=123 hard=483
[ PASS ] AI.HardDifficultyIssuesMoreDecisionsThanEasy           195 ms
[ PASS ] AI.DoctrineRaisesSovietHarvesterTarget                   0 ms
[ PASS ] AI.DoctrineLoadsLazilyOnFirstTick                        0 ms
[ PASS ] ThreatMap.EmptyMap_HasNoThreat                           0 ms
[ PASS ] ThreatMap.SingleEnemyUnit_AddsThreatAtPosition           0 ms
[ PASS ] ThreatMap.ThreatDecaysWithDistance                       0 ms
[ PASS ] ThreatMap.ConfidenceAffectsThreat                        0 ms
[ PASS ] ThreatMap.DefenceBuilding_AddsStructuralThreat           0 ms
[ PASS ] ThreatMap.UnarmedUnit_AddsNoThreat                       0 ms
[ PASS ] ThreatMap.GetAreaThreat_SumsRadius                       0 ms
[ PASS ] ThreatMap.Clear_ResetsAllCells                           0 ms
[ PASS ] ValueMap.EmptyMap_HasNoValue                             0 ms
[ PASS ] ValueMap.ConstructionYard_HighestStrategicValue          0 ms
[ PASS ] ValueMap.ProductionBuilding_AddsMilitaryValue            0 ms
[ PASS ] ValueMap.Clear_ResetsAllCells                            0 ms
[ PASS ] ValueMap.FindBestAttackTarget_PrefersHighValue           0 ms
[ PASS ] OpponentModel.FreshProfileIsZeroed                       0 ms
[ PASS ] OpponentModel.OutOfRangePlayerReturnsSafeProfile         0 ms
[ PASS ] OpponentModel.IgnoresOwnEvents                           0 ms
[ PASS ] OpponentModel.DamageEventsRaiseAggressionAndAttackCount     0 ms
[ PASS ] OpponentModel.BuildingCompletionsRaiseExpansionRate      0 ms
[ PASS ] OpponentModel.ProductionEventsCountUnits                 0 ms
[ PASS ] OpponentModel.TracksSeveralOpponentsIndependently        0 ms
[ PASS ] OpponentModel.ResetClearsEveryProfile                    0 ms
[ PASS ] OpponentModel.ClassifyDirectionCoversFourQuadrants       0 ms
[ PASS ] OpponentModel.ClassifyDirectionIsPure                    0 ms
[ PASS ] OpponentModel.UpdateIsDeterministicForIdenticalEventStreams     0 ms
[ PASS ] OpponentModel.RatiosStayWithinZeroToHundred              0 ms
[ PASS ] OpponentModel.EmptyEventBatchIsHarmless                  0 ms
[ PASS ] BattlePredictor.MirrorForcesAreACoinFlip                 0 ms
[ PASS ] BattlePredictor.OverwhelmingForceWinsMoreOften           0 ms
[ PASS ] BattlePredictor.MoreDpsImprovesTheOdds                   0 ms
[ PASS ] BattlePredictor.MoreHealthImprovesTheOdds                0 ms
[ PASS ] BattlePredictor.ResultsAreAlwaysInsideDeclaredRanges     0 ms
[ PASS ] BattlePredictor.EmptyAttackerCannotWin                   0 ms
[ PASS ] BattlePredictor.BattleAgainstNothingIsNotALoss           0 ms
[ PASS ] BattlePredictor.BothSidesEmptyIsHandledGracefully        0 ms
[ PASS ] BattlePredictor.PredictionIsDeterministic                0 ms
[ PASS ] BattlePredictor.GatherStatsOnEmptySelectionIsZeroed      0 ms
[ PASS ] BattlePredictor.GatherStatsReadsLiveEntities             0 ms
[ PASS ] BattlePredictor.WorldPredictionFavoursTheBiggerArmy      0 ms
[ PASS ] Directors.EconomyAsksForHarvestersWhenBelowTarget        0 ms
[ PASS ] Directors.EconomyIsQuietWhenHarvesterTargetIsMet         0 ms
[ PASS ] Directors.EconomyPrioritisesPowerWhenBrownedOut          0 ms
[ PASS ] Directors.DefenceReactsToBeingAttacked                   0 ms
[ PASS ] Directors.OffenceWaitsForAnArmyBeforeAttacking           0 ms
[ PASS ] Directors.ScoutingIsUrgentWithNoIntel                    0 ms
[ PASS ] Directors.BundleFindBestPicksTheHighestScore             0 ms
[ PASS ] Directors.BundleFindBestOfTypeFiltersByType              0 ms
[ PASS ] Directors.EmptyBundleHasNoBest                           0 ms
[ PASS ] Directors.MissingAssessmentIsSurvivable                  0 ms
[ PASS ] Directors.EvaluationIsDeterministic                      0 ms
[ PASS ] Directors.RecommendationNamesAreAllDistinct              0 ms
[ PASS ] AIWiring.CommanderConsultsDirectorsDuringAMatch          5 ms
[ PASS ] AIWiring.OpponentModelLearnsFromAnActualMatch           21 ms
[ PASS ] AIWiring.OpponentModelNeverTracksItself                 13 ms
[ PASS ] AIWiring.ResetClearsOpponentAndForecastState            15 ms
[ PASS ] AIWiring.BattleForecastStaysInsideDeclaredRanges        75 ms
[ PASS ] AIWiring.WiredCommanderIsStillDeterministic             89 ms
[ PASS ] AIWiring.ExpertDifficultyIsSmarterWithoutBeingSubsidised     0 ms
[ PASS ] AIWiring.ExpertDifficultyNamesItself                     0 ms
[ PASS ] AIWiring.ExpertCommanderPlaysAFullMatch                166 ms
[ PASS ] AIProfiles.EveryProfileHasADistinctName                  0 ms
[ PASS ] AIProfiles.RushCommitsEarlierAndThinnerThanEveryOtherProfile     0 ms
[ PASS ] AIProfiles.TurtleIsTheMostDefensiveAndLatestCommitting     0 ms
[ PASS ] AIProfiles.AirSuperiorityPrioritisesTechAndBanksForIt     0 ms
[ PASS ] AIProfiles.GuerrillaRaidsInsteadOfMassing                0 ms
[ PASS ] AIProfiles.NoExtendedProfileIsSubsidised                 0 ms
[ PASS ] AIProfiles.ExtendedProfilesProduceDistinctPersonalities     0 ms
[ PASS ] AIProfiles.PersonalityFieldsStayInsideValidRanges        0 ms
[ PASS ] AIProfiles.EveryExtendedProfilePlaysAMatchWithoutStalling   474 ms
[ PASS ] AIProfiles.RushAndTurtleDivergeOverAFullMatch          277 ms
[ PASS ] AIProfiles.NoProfileTrainsUnitsBeforeIncomeExists       62 ms
[ PASS ] AIProfiles.ExtendedProfilesAreDeterministic            183 ms
[ PASS ] AIProfiles.NoDifficultyTierIsHandedFreeIncome            0 ms
[ PASS ] AILeague.SingleMatchProducesACompleteRecord            594 ms
[ PASS ] AILeague.IdenticalSeedsProduceIdenticalRecords        1729 ms
[ PASS ] AILeague.DifferentSeedsDivergeTheMatch                 717 ms
[ PASS ] AILeague.TimeoutIsADrawNotAWin                           0 ms
[ PASS ] AILeague.RoundRobinPlaysBothOrdersOfEveryPairing         4 ms
[ PASS ] AILeague.PairingStatsAddUp                            2322 ms
[ PASS ] AILeague.LeagueRunsAreReproducible                    1278 ms
[ PASS ] AILeague.FormatTableListsEveryPairing                    2 ms
[ PASS ] BattlePredictor.UnarmedUnitInForceDoesNotCrashGatherStats     0 ms
[ PASS ] AILeague.FactionAlternationCoversBothSidesOfAPairing     5 ms
[ PASS ] AILeague.SwappedFactionMatchIsStillDeterministic      1200 ms
[ PASS ] AILeague.CombatTelemetryIsRecordedAndConsistent        390 ms
[ PASS ] AILeague.CombatTelemetryIsDeterministic               1300 ms
[ PASS ] AILeague.PeacefulTimeoutRecordsNoCombat                  0 ms
[ PASS ] BibleContent.VerifyAllFourFactionsDefined                0 ms
[ PASS ] BibleContent.Verify78UniqueUnitsInManifest               3 ms
[ PASS ] BibleContent.VerifyDamageMatrixMultipliers               0 ms
[ PASS ] BibleContent.VerifyVoiceManifestContains624Events        0 ms
[ PASS ] BibleImport.LoadsNormalizedJsonWithoutErrors             8 ms
[ PASS ] BibleImport.CreatesExactlyFourFactions                   8 ms
[ PASS ] BibleImport.CreatesExactly78UniqueUnits                  8 ms
[ PASS ] BibleImport.EveryUnitHasVoiceSetWithEightEvents          7 ms
[ PASS ] BibleImport.DamageMatrixHasAllWarheadArmorCombinations     9 ms
[ PASS ] BibleImport.VeterancyThresholdsMatchBible                7 ms
[ PASS ] BibleImport.AllFourFactionResourcesExist                 7 ms
[ PASS ] BibleImport.SovietHeroMorozovaExists                     9 ms
[ PASS ] BibleImport.AllianceHeroHartExists                       7 ms
[ PASS ] BibleImport.CoalitionHeroMeiExists                       8 ms
[ PASS ] BibleImport.ChronoHeroVossExists                        10 ms
[ PASS ] BibleImport.All78UnitIdsArePresentAndUnique             10 ms
[ PASS ] BibleImport.BuildingsHavePowerValues                     8 ms
[ PASS ] BibleImport.EvaLinesExistForAllFactions                  7 ms
[ PASS ] BibleImport.IdempotentReloadDoesNotDuplicate            16 ms
[ PASS ] Veterancy.UnitStartsAsRecruit                            0 ms
[ PASS ] Veterancy.PromotesToVeteranAfterOneCostWorthOfKills      0 ms
[ PASS ] Veterancy.HigherRankIncreasesDamage                      0 ms
[ PASS ] Veterancy.DamageMatrixFromBibleMatchesExpectedValues     7 ms
[ PASS ] FactionResource.SovietStartsWithZeroMobilization         0 ms
[ PASS ] FactionResource.AllianceStartsWithZeroIntelligence       0 ms
[ PASS ] FactionResource.TemporalStabilityRegeneratesOverTime     0 ms
[ PASS ] FactionResource.SovietMobilizationAccruesFromDamage      0 ms
[ PASS ] FactionResource.ResourceClampedToZeroAndHundred          0 ms
[ PASS ] FactionResource.DifferentFactionsHaveDifferentTypes      0 ms
[ PASS ] SaveSystem.MidMatchSaveAndRestorePreservesStateAndChecksum     5 ms
[ PASS ] Campaign.VerifyAllFourChaptersAnd38MissionsExist         0 ms
[ PASS ] Campaign.VerifySokolovDemonstrationCutscene              0 ms
[ PASS ] MissionRuntime.NoMissionShipsAnUnauthoredObjective       0 ms
[ PASS ] MissionRuntime.EveryMissionCanBeLost                     0 ms
[ PASS ] MissionRuntime.EveryMissionDeclaresItsOwnMatch           0 ms
[ PASS ] MissionRuntime.MissionSeedsAreDistinct                   0 ms
[ PASS ] MissionRuntime.SovietOpenerPlacesItsDeclaredForce        0 ms
[ PASS ] MissionRuntime.EverySovietAndAllianceMissionPlacesEverySpawn    16 ms
[ PASS ] MissionRuntime.CoalitionAndChronoPlayersHaveNoForceInDefaultContent     7 ms
[ PASS ] MissionRuntime.DestroyingTheEnemyYardWinsTheBaseBuildingMission     2 ms
[ PASS ] MissionRuntime.LosingTheConstructionYardLosesTheBaseBuildingMission     1 ms
[ PASS ] MissionRuntime.LosingEverythingLosesAnyMission           0 ms
[ PASS ] MissionRuntime.ReachingTheObjectiveTileCompletesAReachObjective     0 ms
[ PASS ] MissionRuntime.LosingTheEscortedMcvLosesTheEscortMission     0 ms
[ PASS ] MissionRuntime.SurviveObjectiveCompletesOnlyAfterItsDeadline   564 ms
[ PASS ] MissionRuntime.ObjectiveCompletionLatches                3 ms
[ PASS ] MissionRuntime.HiddenObjectivesDoNotGateVictoryUntilRevealed     0 ms
[ PASS ] MissionRuntime.RevealedObjectiveBecomesRequired          0 ms
[ PASS ] MissionRuntime.TransitionsAreReportedOnceEach            2 ms
[ PASS ] MissionRuntime.SecondaryObjectivesDoNotGateVictory       0 ms
[ PASS ] MissionRuntime.ReplayingAMissionProducesTheSameResult     5 ms
[ PASS ] MissionRuntime.AMissionWithoutObjectivesIsNotWon         0 ms
[ PASS ] MissionRuntime.AnUnauthoredObjectiveIsNeverSatisfied     0 ms
[ PASS ] DamageTable.LiveMultipliersMatchTheBalanceDocument       0 ms
[ PASS ] CommandBus.QueueAndDispatch                              0 ms
[ PASS ] CommandBus.DispatchTickAppliesAProductionFrameExactlyOnce     0 ms
[ PASS ] CommandBus.DispatchTickReturnsZeroForRejectedCommands     0 ms
[ PASS ] CommandBus.DispatchTickReturnsZeroWhenMatchIsAlreadyOver     0 ms
[ PASS ] CommandBus.DispatchTickConsumesItsBufferedFrame          0 ms
[ PASS ] HudSnapshot.SnapshotBuilderGeneratesResourcesAndSelection     0 ms
[ PASS ] HudSnapshot.PrimarySelectionPopulatesHealthAndName       0 ms
[ PASS ] ProvingGround.HeadlessStressScenario500Entities        942 ms
[ PASS ] ProvingGround.ForcedDesyncDetection                      0 ms
[ PASS ] ProvingGround.HeadlessStressScenario1000Entities       706 ms
[ PASS ] ProvingGround.HeadlessStressScenario2000Entities      2354 ms
[P-7] recon per-tick: median 0 us, peak 25 us (hard max 1500 us)
[P-7] decay (TrackUpdate) per-tick: median 0 us (hard max 500 us)
[P-7] recon checksum share: median 7 us per checksum tick (hard max 600 us)
[P-7] PerceivedWorld per player: ~16 KB (track cap 0)
[ PASS ] ProvingGround.ReconBudgetsAt2000Entities4Players      8691 ms
[P-7 stress 5000] recon avg 0 us/tick over 100 ticks (informational only)
[ PASS ] ProvingGround.ReconBudgetStressInformational5000     15480 ms
[ PASS ] DirectControl.EnterRequiresOwnership                     0 ms
[ PASS ] DirectControl.OneDriverAtATime                           0 ms
[ PASS ] DirectControl.RejectsBuildingsAndUnarmedUnits            0 ms
[ PASS ] DirectControl.ExitClearsOrdersAndStopsVehicle            0 ms
[ PASS ] DirectControl.FireReusesRtsWeaponAndCooldown             0 ms
[ PASS ] DirectControl.CannotFireWithoutPossession                0 ms
[ PASS ] DirectControl.DestroyedVehicleExitsDriver                0 ms
[ PASS ] DirectControl.SerializeRoundTripsDirectControlState      0 ms
[ PASS ] Lockstep.CommandIsDeferredByInputDelay                   0 ms
[ PASS ] Lockstep.ZeroInputDelayIsClampedToOne                    0 ms
[ PASS ] Lockstep.FrameAssemblyFollowsSlotOrderNotArrivalOrder     0 ms
[ PASS ] Lockstep.FrameIsIncompleteUntilEveryPlayerReports        0 ms
[ PASS ] Lockstep.DuplicatePlayerFrameIsIgnored                   0 ms
[ PASS ] Lockstep.AssemblyIsRepeatableForRetransmission           0 ms
[ PASS ] Lockstep.PeerStallsUntilAuthoritativeFrameArrives        0 ms
[ PASS ] Lockstep.PruneReleasesRetiredTicks                       0 ms
[ PASS ] Lockstep.MatchingChecksumsDoNotReportDesync              0 ms
[ PASS ] Lockstep.DivergentChecksumIsReportedWithTickAndPlayer     0 ms
[ PASS ] Lockstep.ClientDoesNotAdjudicateChecksums                0 ms
[ PASS ] Lockstep.TwoPeersStayInSyncAcrossAFullMatch             15 ms
[ PASS ] Lockstep.DesyncIsCaughtOnTheTickItHappens               16 ms
[ PASS ] Lockstep.CommandSubmittedAfterItsFrameWasFlushedIsLost     0 ms
[ PASS ] Lockstep.CommandSubmittedBeforeTheFlushTravelsInThatFrame     0 ms
[ PASS ] Recon.ShippedSettingsFileLoadsAndValidates               0 ms
[ PASS ] Recon.ValidatorRejectsBrokenConfusionMatrixRow           0 ms
[ PASS ] Recon.ValidatorRejectsMissingActiveProfile               0 ms
[ PASS ] Recon.ValidatorRejectsUnboundedPhantomLifetime           0 ms
[ PASS ] Recon.LoaderRejectsMalformedJson                         0 ms
[ PASS ] Recon.DisabledLayerDoesNotChangeSimulationResults        0 ms
[ PASS ] Recon.EnabledEmptyLayerTicksWithoutStateDrift            0 ms
[ PASS ] Recon.TrackHandlesAreGenerational                        0 ms
[ PASS ] Recon.TrackAllocationRespectsHardCap                     0 ms
[ PASS ] Recon.RegionQueryFindsOnlyTracksInside                   0 ms
[ PASS ] Recon.NegativeKnowledgeDistinguishesNeverSeenFromSeen     0 ms
[ PASS ] Recon.PhantomTruthLivesOutsideTheReadSurface             0 ms
[ PASS ] Recon.PerceivedWorldSurvivesSerializationRoundTrip       0 ms
[ PASS ] Recon.DecayCursorIsSimStateNotScratch                    0 ms
[ PASS ] Recon.ValidatorRejectsBadTracksPerTickBudget             0 ms
[ PASS ] Recon.SimWorldSaveLoadRoundTripsWithReconEnabled         1 ms
[ PASS ] Recon.PreReconSaveIsRefusedWhenReconEnabled              0 ms
[ PASS ] Recon.ChainDelaysReportsByHopLatency                     0 ms
[ PASS ] Recon.OrphanObserverWaitsLongerThanAnAttachedOne         1 ms
[ PASS ] Recon.ReportsFromASubordinateNodeTakeMoreHopsThanFromTheHq     0 ms
[ PASS ] Recon.RelayedReportsLoseReliability                      0 ms
[ PASS ] Recon.CorroborationBeatsASingleSourceOnConfidence        0 ms
[ PASS ] Recon.ChainTuningIsPartOfTheSettingsHash                 0 ms
[ PASS ] Recon.ValidatorRejectsCommsLevelOutsideTheLadder         0 ms
[ PASS ] Recon.NearbyContactsBecomeOneGroupTrackWithACountInterval     0 ms
[ PASS ] Recon.DistantContactsStayDistinctTracks                  0 ms
[ PASS ] Recon.AnonymousContactsNeverMergeWithIdentifiedOnes      0 ms
[ PASS ] Recon.GroupingCanBeDisabledBackToOneTrackPerContact      0 ms
[ PASS ] Recon.ContradictoryCountsMarkTheTrackContestedAndWidenTheInterval     0 ms
[ PASS ] Recon.LostObservationFreezesBeliefInsteadOfErasingIt     0 ms
[ PASS ] Recon.ErrorRadiusGrowsMonotonicallyWhileUnobserved       0 ms
[ PASS ] Recon.RegainedContactSharpensBeliefAgain                 0 ms
[ PASS ] Recon.WorthlessBeliefIsCollectedDeterministically        1 ms
[ PASS ] Recon.SaveLoadPreservesReportsStillInFlight              2 ms
[ PASS ] Recon.SaveLoadPreservesGroupTrackIdentityFields          0 ms
[ PASS ] Recon.BlackoutStopsReportsReachingTheStaffMap            1 ms
[ PASS ] Recon.BlackoutDecaysExistingBeliefFasterThanNormalLoss     1 ms
[ PASS ] Recon.BlackoutThresholdIsADesignerSettingInTheRuleset     0 ms
[ PASS ] Recon.TruthfulPipelineMirrorsVisibleEnemy                0 ms
[ PASS ] Recon.TrackFollowsMovingContactWithoutDuplicates         2 ms
[ PASS ] Recon.LostContactFreezesAsLastKnownPositionAndGoesStale     0 ms
[ PASS ] Recon.BeliefIsReplayReconstructible                      5 ms
[ PASS ] Recon.BeliefIsReconstructibleFromReplayAlone             0 ms
[ PASS ] Recon.SwappedTuningProducesADifferentBeliefTimeline      1 ms
[ PASS ] Recon.ReplayRefusesReconRulesetMismatch                  0 ms
[ PASS ] Recon.PerceivedWorldRefusesForeignVersion                0 ms
[ PASS ] Recon.ObjectiveStateFunnelInventory                     22 ms
[ PASS ] Recon.PerfectObserverReportsTruthBitwise                 0 ms
[ PASS ] Recon.FearInflatesCountsMonotonicallyAndNeverBelowTruthAlone     0 ms
[ PASS ] Recon.IncompetenceNoiseIsSymmetricAroundTruth            0 ms
[ PASS ] Recon.ConfusionMatrixHoldsAuthoredProbabilities          0 ms
[ PASS ] Recon.DistortionIsDeterministicPerSeed                   0 ms
[ PASS ] Recon.EveryStageHonoursItsDisableFlag                    0 ms
[ PASS ] Recon.MoraleFallsUnderFireAndRecoversInQuiet             0 ms
[ PASS ] Recon.AllyDeathHurtsMoreThanAScratch                     0 ms
[ PASS ] Recon.SuperiorityDreadNeedsThresholdAndIsBounded         0 ms
[ PASS ] Recon.ScaredPlayerSeesInflatedContacts                   0 ms
[ PASS ] Recon.RadarReturnsAnonymousContactsOnly                  0 ms
[ PASS ] UI.WASDCameraPanningAndBoundsClamping                    0 ms
[ PASS ] UI.SelectionDetailsAndHarvesterCargo                     0 ms
[ PASS ] UI.BuildCardCostTimePowerAndBlockReasons                 0 ms
[ PASS ] UI.SkirmishSetupOptionsAndConflictValidation             0 ms

455 passed, 0 failed, 53404 ms total
<end of output>
Test time =  53.73 sec
----------------------------------------------------------
Test Passed.
"core" end time: Aug 06 15:05 MSK
"core" time elapsed: 00:00:53
----------------------------------------------------------

2/4 Testing: input
2/4 Test: input
Command: "/Users/romanmolodyko/Documents/red-alert-4/Tools/HeadlessBuild/build-audit2/RA4InputTests"
Directory: /Users/romanmolodyko/Documents/red-alert-4/Tools/HeadlessBuild/../..
"input" start time: Aug 06 15:05 MSK
Output:
----------------------------------------------------------
[ PASS ] Camera.KeyboardPanMovesTheFocusAndSettles                0 ms
[ PASS ] Camera.DiagonalPanIsNotFasterThanCardinalPan             0 ms
[ PASS ] Camera.FocusIsClampedToTheMap                            0 ms
[ PASS ] Camera.ZoomStaysWithinItsLimits                          0 ms
[ PASS ] Camera.EdgeScrollOnlyRunsWhenTheWindowIsFocused          0 ms
[ PASS ] Camera.EdgeScrollIsSuppressedWhileDragging               0 ms
[ PASS ] Camera.PanIsFrameRateIndependent                         0 ms
[ PASS ] Camera.FocusOnJumpsInstantlyWhenAsked                    0 ms
[ PASS ] Selection.ClickPrefersOwnUnitsOverEverythingElse         0 ms
[ PASS ] Selection.ClickingEmptyGroundClearsButShiftClickingDoesNot     0 ms
[ PASS ] Selection.MarqueeTakesOwnUnitsAndIgnoresEnemiesAndBuildings     0 ms
[ PASS ] Selection.MarqueeOverBaseWithNoUnitsPicksASingleBuilding     0 ms
[ PASS ] Selection.ShiftAddsAndCtrlToggles                        0 ms
[ PASS ] Selection.DoubleClickSelectsOnlyTheSameUnitType          0 ms
[ PASS ] Selection.ControlGroupsAssignRecallAndForgetTheDead      0 ms
[ PASS ] Selection.DeadUnitsLeaveTheSelection                     0 ms
[ PASS ] Selection.SelectionIsCappedSoOrdersFitTheCommandBudget     0 ms
[ PASS ] Orders.RightClickOnGroundIsAMoveForEverySelectedUnit     0 ms
[ PASS ] Orders.RightClickOnAnEnemyAttacksWithArmedUnitsAndMovesTheRest     0 ms
[ PASS ] Orders.ShiftQueuesInsteadOfReplacing                     0 ms
[ PASS ] Orders.ForceAttackTargetsAnAllyWhenCtrlIsHeld            0 ms
[ PASS ] Orders.AttackMoveModeProducesAttackMove                  0 ms
[ PASS ] Orders.HarvesterSentToOreGetsAHarvestOrder               0 ms
[ PASS ] Orders.PlacementModeEmitsPlaceBuilding                   0 ms
[ PASS ] Orders.GroundClickWithOnlyBuildingsSelectedSetsTheRallyPoint     0 ms
[ PASS ] Orders.ResolvedOrdersAreAcceptedByTheServer              0 ms
[ PASS ] Orders.CursorHintMatchesWhatTheClickWillDo               0 ms
[ PASS ] Orders.PlacementCursorRefusesIllegalGround               0 ms
[ PASS ] HitTest.PointPickReturnsOnlyDiscsItTouches               0 ms
[ PASS ] HitTest.OverlappingDiscsResolveNearestFirstAndStably     0 ms
[ PASS ] HitTest.MarqueeQuadSelectsWhatItCovers                   0 ms
[ PASS ] HitTest.QuadWindingAndRotationDoNotMatter                0 ms
[ PASS ] HitTest.ShortDragCountsAsAClick                          0 ms
[ PASS ] ClassicScheme.LeftClickOnGroundIssuesTheOrder            0 ms
[ PASS ] ClassicScheme.LeftClickOnOwnUnitSelectsRatherThanOrderingIntoIt     0 ms
[ PASS ] ClassicScheme.LeftClickOnAnEnemyIssuesTheOrder           0 ms
[ PASS ] ClassicScheme.DraggingIsAlwaysAMarqueeEvenWithUnitsSelected     0 ms
[ PASS ] ClassicScheme.EmptySelectionMakesEveryLeftClickASelection     0 ms
[ PASS ] ClassicScheme.SelectingSomeoneElsesUnitsNeverArmsAnOrder     0 ms
[ PASS ] ClassicScheme.CtrlIsForceFireAndAltIsForceMove           0 ms
[ PASS ] ClassicScheme.ShiftClickingOwnUnitsGrowsTheSelection     0 ms
[ PASS ] ClassicScheme.CtrlNeverTogglesSelectionTheWayTheModernSchemeDoes     0 ms
[ PASS ] ClassicScheme.RightClickClearsTheSelectionInsteadOfOrdering     0 ms
[ PASS ] ClassicScheme.ArmedModesOwnTheClickInBothSchemes         0 ms
[ PASS ] Orders.AltForcesAPlainMoveOntoAnOccupiedSpot             0 ms
[ PASS ] Orders.ForceMoveOutranksForceAttackAndAttackMove         0 ms
[ PASS ] Selection.SelectIdleUnitsSelectsOnlyIdleUnits            0 ms
[ PASS ] Selection.SelectWoundedUnitsSelectsDamagedUnits          0 ms
[ PASS ] Camera.PanFollowsTheCameraWhenItRotates                  0 ms
[ PASS ] Camera.YawWrapsAndStaysWithinOneTurn                     0 ms
[ PASS ] Camera.DKeyPansRightAndAKeyPansLeftOnScreen              0 ms
[ PASS ] KeyBindings.ClassicSchemeGivesAToAttackMoveNotToTheCamera     0 ms
[ PASS ] KeyBindings.ModernSchemeGivesAToTheCameraAndAttackMoveToCtrlA     0 ms
[ PASS ] KeyBindings.ExactModifierMatchBeatsTheUnmodifiedBinding     0 ms
[ PASS ] KeyBindings.ModifiedPressFallsBackToAnUnmodifiedBinding     0 ms
[ PASS ] KeyBindings.ControlGroupSlotsFollowTheKeyRowNotTheLabel     0 ms
[ PASS ] KeyBindings.ChordParsingAcceptsModifiersInAnyOrderAndIgnoresSpaces     0 ms
[ PASS ] KeyBindings.EmptyValueUnbindsButGarbageIsRejected        0 ms
[ PASS ] KeyBindings.ChordRoundTripsThroughItsText                0 ms
[ PASS ] KeyBindings.EveryActionNameRoundTrips                    0 ms
[ PASS ] KeyBindings.FirstOverrideReplacesTheDefaultIncludingItsAlternate     0 ms
[ PASS ] KeyBindings.BadConfigEntriesAreReportedRatherThanApplied     0 ms
[ PASS ] KeyBindings.DistinctKeysDeduplicatesWithoutCaseSensitivity     0 ms
[ PASS ] KeyBindings.ShippedDefaultsContainNoConflicts            0 ms
[ PASS ] KeyBindings.ConflictingBindingsAreDetected               0 ms
[ PASS ] KeyBindings.BuildCardHotkeysDoNotCollideWithBoundActions     0 ms
[ PASS ] KeyBindings.PanAndRotateArePolledWhileOrdersAreDispatchedOnPress     0 ms

67 passed, 0 failed, 6 ms total
<end of output>
Test time =   0.23 sec
----------------------------------------------------------
Test Passed.
"input" end time: Aug 06 15:05 MSK
"input" time elapsed: 00:00:00
----------------------------------------------------------

3/4 Testing: presentation
3/4 Test: presentation
Command: "/Users/romanmolodyko/Documents/red-alert-4/Tools/HeadlessBuild/build-audit2/RA4PresentationTests"
Directory: /Users/romanmolodyko/Documents/red-alert-4/Tools/HeadlessBuild/../..
"presentation" start time: Aug 06 15:05 MSK
Output:
----------------------------------------------------------
[ PASS ] Hud.ResourceBarReportsRealCreditsAndPower                0 ms
[ PASS ] Hud.FirstSnapshotDoesNotReportStartingCreditsAsIncome     0 ms
[ PASS ] Hud.CreditDeltaTracksSpending                            0 ms
[ PASS ] Hud.PowerShortageIsReportedNotInvented                   0 ms
[ PASS ] Hud.SupplyIsMarkedUnmodelledRatherThanFabricated         0 ms
[ PASS ] Hud.EmptySelectionIsAnExplicitState                      0 ms
[ PASS ] Hud.SingleUnitFillsThePortraitFromRealData               0 ms
[ PASS ] Hud.IdenticalUnitsAreGroupedWithCounts                   0 ms
[ PASS ] Hud.MixedSelectionIsDistinguishedFromUnitsOnly           0 ms
[ PASS ] Hud.SelectingAProducerSwitchesTheProductionPanelToIt     0 ms
[ PASS ] Hud.BuildCardsReportWhyTheyAreBlocked                    0 ms
[ PASS ] Hud.AffordabilityIsReportedSeparatelyFromTech            0 ms
[ PASS ] Hud.QueueReportsProgressAndRemainingTime                 1 ms
[ PASS ] Hud.FinishedStructureIsFlaggedAsAwaitingPlacement        2 ms
[ PASS ] Hud.OptionsAreGroupedByCategoryForTheTabs                0 ms
[ PASS ] Hud.RadarShowsOwnForcesButNotEnemiesHiddenByFog          0 ms
[ PASS ] Hud.RepeatedDamageMergesIntoOneAlert                     2 ms
[ PASS ] Hud.CriticalAlertsOutrankInformationalOnes               1 ms
[ PASS ] Hud.AlertsExpireOnceTheConditionStops                    1 ms
[ PASS ] Hud.EnemyLossesAreNotLocalAlerts                         0 ms
[ PASS ] Hud.MatchStateDrivesVictoryAndDefeatScreens              0 ms
[ PASS ] Hud.ElapsedTimeTracksTheSimulationClock                  1 ms
[ PASS ] ArtMapping.UnitArtDefinitionSupportsAnimationProperties     0 ms

23 passed, 0 failed, 14 ms total
<end of output>
Test time =   0.21 sec
----------------------------------------------------------
Test Passed.
"presentation" end time: Aug 06 15:05 MSK
"presentation" time elapsed: 00:00:00
----------------------------------------------------------

4/4 Testing: ai
4/4 Test: ai
Command: "/Users/romanmolodyko/Documents/red-alert-4/Tools/HeadlessBuild/build-audit2/RA4AITests"
Directory: /Users/romanmolodyko/Documents/red-alert-4/Tools/HeadlessBuild/../..
"ai" start time: Aug 06 15:05 MSK
Output:
----------------------------------------------------------
[ PASS ] AI.BuildsPowerBeforeItStalls                            12 ms
[ PASS ] AI.BuildsRefineryAndActuallyEarns                       53 ms
         balanced @240s: buildings=6 units=16 armed=13 harvested=16700
[ PASS ] AI.BuildsProductionBuildingsAndTrainsAnArmy            118 ms
[ PASS ] AI.DoesNotBankruptItselfOnOneDecisionTick                5 ms
[ PASS ] AI.QueuesOneOfAKindNotSix                                8 ms
[ PASS ] AI.ProfilesProduceDifferentConfigurations                0 ms
[ PASS ] AI.ExposesAdaptiveProfile                                0 ms
[ PASS ] AI.UtilitySelectsEconomyForNewBase                       0 ms
[ PASS ] AI.UtilitySelectsFortifyUnderAttack                      0 ms
[ PASS ] AI.UtilitySelectsAssaultWithReadyArmy                    0 ms
[ PASS ] AI.UtilitySelectsTechWhenEconomyIsReady                  0 ms
[ PASS ] AI.UtilitySelectsArmyWhenProductionIsReady               0 ms
[ PASS ] AI.UtilitySelectsRecoveryAfterEconomyLoss                0 ms
[ PASS ] AI.StrategyHysteresisKeepsCurrentChoiceNearATie          0 ms
[ PASS ] AI.EmergencyStrategyOverridesHysteresis                  0 ms
[ PASS ] AI.RecoveryMaySpendTheCreditReserve                      0 ms
[ PASS ] AI.AggressiveProfileValuesAssaultMoreThanDefensive       0 ms
         economic harvested=4700, aggressive harvested=4700
[ PASS ] AI.EconomicProfileOutEarnsAggressive                   103 ms
         aggressive @300s: armed=7, enemy HQ engaged=1
[ PASS ] AI.AttacksOnceTheArmyReachesStrength                    54 ms
[ PASS ] AI.RecentDamageTriggersDefenceStrategy                 251 ms
         first decisions: AssembleArmy: strategy selected; no valid action / AssembleArmy: strategy selected; no valid action
[ PASS ] AI.DecisionLogExplainsWhatItDid                         25 ms
[ PASS ] AI.CommanderReportsSelectedStrategyAndScore              1 ms
         AI vs AI: tick=4940 phase=2 winner=0 | P0 b=6 u=17 harv=8700 | P1 b=0 u=0 harv=28640
[ PASS ] AI.TwoCommandersPlayAMatchToCompletion                 248 ms
         scenario 1: tick=4940 phase=2 winner=0 losses=35
         scenario 2: tick=4395 phase=2 winner=0 losses=29
         scenario 3: tick=5040 phase=2 winner=0 losses=22
         scenario 4: tick=6996 phase=2 winner=0 losses=62
         scenario 5: tick=5382 phase=2 winner=0 losses=41
         scenario 5 P0 op: id=1 state=Engaging assigned=41 target=(8,56)
         scenario 5 P0 final: armed=28 buildings=9 bActive=1 bDefeated=0
         scenario 5 P1 final: armed=0 buildings=0 bActive=1 bDefeated=1
[ PASS ] AI.FiveSkirmishScenariosFinishWithAWinner             1535 ms
[ PASS ] AI.IsDeterministic                                     149 ms
[ PASS ] AI.StopsIssuingOrdersOnceDefeated                        4 ms
[ PASS ] AI.SimWorldViewTracksEnemyMemoryAndDecaysConfidence      0 ms
[ PASS ] AI.TacticalOperationLifecycleStateTransitions            0 ms
[ PASS ] AI.CommanderTracksActiveOperationLifecycleInMatch       54 ms
[ PASS ] AI.SquadsGatherBeforeAdvancing                         180 ms
[ PASS ] AI.SquadAssignmentIsDeterministic                      246 ms
[ PASS ] AI.WoundedUnitRetreatsToBase                             3 ms
[ PASS ] AIKnowledge.MemoryIndexesTheFogGridInTilesNotWorldUnits     0 ms
[ PASS ] AIKnowledge.EnemiesOutsideVisionAreNotObserved           0 ms
[ PASS ] AI.EntityRoleDerivationWorksForUnitsAndBuildings         0 ms
[ PASS ] AI.DispatchesScoutWhenNoTargetsAreKnown                126 ms
[ PASS ] AI.ArmyGroupManagerLifecycle                             0 ms
[ PASS ] AI.FactionDoctrinesSovietAndAlliance                     0 ms
[ PASS ] AI.AIDebugOverlaySnapshotCreation                        0 ms
[ PASS ] AI.DifficultyProfilesConfig                              0 ms
[ PASS ] AI.FogOfWarStrictCompliance                              0 ms
[ PASS ] AI.NoCheatResources                                      0 ms
[ PASS ] AI.MassSimulationsBenchmark                           3150 ms
         decisions @120s: easy=123 hard=483
[ PASS ] AI.HardDifficultyIssuesMoreDecisionsThanEasy            85 ms
[ PASS ] AI.DoctrineRaisesSovietHarvesterTarget                   0 ms
[ PASS ] AI.DoctrineLoadsLazilyOnFirstTick                        0 ms
[ PASS ] ThreatMap.EmptyMap_HasNoThreat                           0 ms
[ PASS ] ThreatMap.SingleEnemyUnit_AddsThreatAtPosition           0 ms
[ PASS ] ThreatMap.ThreatDecaysWithDistance                       0 ms
[ PASS ] ThreatMap.ConfidenceAffectsThreat                        0 ms
[ PASS ] ThreatMap.DefenceBuilding_AddsStructuralThreat           0 ms
[ PASS ] ThreatMap.UnarmedUnit_AddsNoThreat                       0 ms
[ PASS ] ThreatMap.GetAreaThreat_SumsRadius                       0 ms
[ PASS ] ThreatMap.Clear_ResetsAllCells                           0 ms
[ PASS ] ValueMap.EmptyMap_HasNoValue                             0 ms
[ PASS ] ValueMap.ConstructionYard_HighestStrategicValue          0 ms
[ PASS ] ValueMap.ProductionBuilding_AddsMilitaryValue            0 ms
[ PASS ] ValueMap.Clear_ResetsAllCells                            0 ms
[ PASS ] ValueMap.FindBestAttackTarget_PrefersHighValue           0 ms
[ PASS ] OpponentModel.FreshProfileIsZeroed                       0 ms
[ PASS ] OpponentModel.OutOfRangePlayerReturnsSafeProfile         0 ms
[ PASS ] OpponentModel.IgnoresOwnEvents                           0 ms
[ PASS ] OpponentModel.DamageEventsRaiseAggressionAndAttackCount     0 ms
[ PASS ] OpponentModel.BuildingCompletionsRaiseExpansionRate      0 ms
[ PASS ] OpponentModel.ProductionEventsCountUnits                 0 ms
[ PASS ] OpponentModel.TracksSeveralOpponentsIndependently        0 ms
[ PASS ] OpponentModel.ResetClearsEveryProfile                    0 ms
[ PASS ] OpponentModel.ClassifyDirectionCoversFourQuadrants       0 ms
[ PASS ] OpponentModel.ClassifyDirectionIsPure                    0 ms
[ PASS ] OpponentModel.UpdateIsDeterministicForIdenticalEventStreams     0 ms
[ PASS ] OpponentModel.RatiosStayWithinZeroToHundred              0 ms
[ PASS ] OpponentModel.EmptyEventBatchIsHarmless                  0 ms
[ PASS ] BattlePredictor.MirrorForcesAreACoinFlip                 0 ms
[ PASS ] BattlePredictor.OverwhelmingForceWinsMoreOften           0 ms
[ PASS ] BattlePredictor.MoreDpsImprovesTheOdds                   0 ms
[ PASS ] BattlePredictor.MoreHealthImprovesTheOdds                0 ms
[ PASS ] BattlePredictor.ResultsAreAlwaysInsideDeclaredRanges     0 ms
[ PASS ] BattlePredictor.EmptyAttackerCannotWin                   0 ms
[ PASS ] BattlePredictor.BattleAgainstNothingIsNotALoss           0 ms
[ PASS ] BattlePredictor.BothSidesEmptyIsHandledGracefully        0 ms
[ PASS ] BattlePredictor.PredictionIsDeterministic                0 ms
[ PASS ] BattlePredictor.GatherStatsOnEmptySelectionIsZeroed      0 ms
[ PASS ] BattlePredictor.GatherStatsReadsLiveEntities             0 ms
[ PASS ] BattlePredictor.WorldPredictionFavoursTheBiggerArmy      0 ms
[ PASS ] Directors.EconomyAsksForHarvestersWhenBelowTarget        0 ms
[ PASS ] Directors.EconomyIsQuietWhenHarvesterTargetIsMet         0 ms
[ PASS ] Directors.EconomyPrioritisesPowerWhenBrownedOut          0 ms
[ PASS ] Directors.DefenceReactsToBeingAttacked                   0 ms
[ PASS ] Directors.OffenceWaitsForAnArmyBeforeAttacking           0 ms
[ PASS ] Directors.ScoutingIsUrgentWithNoIntel                    0 ms
[ PASS ] Directors.BundleFindBestPicksTheHighestScore             0 ms
[ PASS ] Directors.BundleFindBestOfTypeFiltersByType              0 ms
[ PASS ] Directors.EmptyBundleHasNoBest                           0 ms
[ PASS ] Directors.MissingAssessmentIsSurvivable                  0 ms
[ PASS ] Directors.EvaluationIsDeterministic                      0 ms
[ PASS ] Directors.RecommendationNamesAreAllDistinct              0 ms
[ PASS ] AIWiring.CommanderConsultsDirectorsDuringAMatch          4 ms
[ PASS ] AIWiring.OpponentModelLearnsFromAnActualMatch           14 ms
[ PASS ] AIWiring.OpponentModelNeverTracksItself                  6 ms
[ PASS ] AIWiring.ResetClearsOpponentAndForecastState             9 ms
[ PASS ] AIWiring.BattleForecastStaysInsideDeclaredRanges        40 ms
[ PASS ] AIWiring.WiredCommanderIsStillDeterministic             44 ms
[ PASS ] AIWiring.ExpertDifficultyIsSmarterWithoutBeingSubsidised     0 ms
[ PASS ] AIWiring.ExpertDifficultyNamesItself                     0 ms
[ PASS ] AIWiring.ExpertCommanderPlaysAFullMatch                115 ms
[ PASS ] AIProfiles.EveryProfileHasADistinctName                  0 ms
[ PASS ] AIProfiles.RushCommitsEarlierAndThinnerThanEveryOtherProfile     0 ms
[ PASS ] AIProfiles.TurtleIsTheMostDefensiveAndLatestCommitting     0 ms
[ PASS ] AIProfiles.AirSuperiorityPrioritisesTechAndBanksForIt     0 ms
[ PASS ] AIProfiles.GuerrillaRaidsInsteadOfMassing                0 ms
[ PASS ] AIProfiles.NoExtendedProfileIsSubsidised                 0 ms
[ PASS ] AIProfiles.ExtendedProfilesProduceDistinctPersonalities     0 ms
[ PASS ] AIProfiles.PersonalityFieldsStayInsideValidRanges        0 ms
[ PASS ] AIProfiles.EveryExtendedProfilePlaysAMatchWithoutStalling   312 ms
[ PASS ] AIProfiles.RushAndTurtleDivergeOverAFullMatch          167 ms
[ PASS ] AIProfiles.NoProfileTrainsUnitsBeforeIncomeExists       29 ms
[ PASS ] AIProfiles.ExtendedProfilesAreDeterministic            111 ms
[ PASS ] AIProfiles.NoDifficultyTierIsHandedFreeIncome            0 ms
[ PASS ] AILeague.SingleMatchProducesACompleteRecord            367 ms
[ PASS ] AILeague.IdenticalSeedsProduceIdenticalRecords        1102 ms
[ PASS ] AILeague.DifferentSeedsDivergeTheMatch                 493 ms
[ PASS ] AILeague.TimeoutIsADrawNotAWin                           0 ms
[ PASS ] AILeague.RoundRobinPlaysBothOrdersOfEveryPairing         4 ms
[ PASS ] AILeague.PairingStatsAddUp                            1429 ms
[ PASS ] AILeague.LeagueRunsAreReproducible                     673 ms
[ PASS ] AILeague.FormatTableListsEveryPairing                    1 ms
[ PASS ] BattlePredictor.UnarmedUnitInForceDoesNotCrashGatherStats     0 ms
[ PASS ] AILeague.FactionAlternationCoversBothSidesOfAPairing     4 ms
[ PASS ] AILeague.SwappedFactionMatchIsStillDeterministic       647 ms
[ PASS ] AILeague.CombatTelemetryIsRecordedAndConsistent        201 ms
[ PASS ] AILeague.CombatTelemetryIsDeterministic                859 ms
[ PASS ] AILeague.PeacefulTimeoutRecordsNoCombat                  0 ms

132 passed, 0 failed, 13065 ms total
<end of output>
Test time =  13.27 sec
----------------------------------------------------------
Test Passed.
"ai" end time: Aug 06 15:06 MSK
"ai" time elapsed: 00:00:13
----------------------------------------------------------

End testing: Aug 06 15:06 MSK
